<?xml version="1.0" encoding="UTF-8"?>
<!-- Generated by org.testng.reporters.JUnitReportReporter -->
<testsuite skipped="0" hostname="DESKTOP-HR8D3KK" name="loginTC.validCredentials" tests="1" failures="0" timestamp="10 Nov 2021 17:48:56 GMT" time="72.771" errors="0">
  <testcase name="userLogin" time="72.771" classname="loginTC.validCredentials"/>
</testsuite> <!-- loginTC.validCredentials -->
