<?xml version="1.0" encoding="UTF-8"?>
<!-- Generated by org.testng.reporters.JUnitReportReporter -->
<testsuite skipped="0" hostname="DESKTOP-HR8D3KK" name="testCase.orderWithGuestUser" tests="1" failures="0" timestamp="08 Nov 2021 17:32:44 GMT" time="50.053" errors="0">
  <testcase name="searchProduct" time="50.053" classname="testCase.orderWithGuestUser"/>
</testsuite> <!-- testCase.orderWithGuestUser -->
