<?xml version="1.0" encoding="UTF-8"?>
<!-- Generated by org.testng.reporters.JUnitReportReporter -->
<testsuite skipped="0" hostname="DESKTOP-HR8D3KK" name="testCase.orderMultipleItemsWithRegUser" tests="3" failures="0" timestamp="31 Oct 2021 13:46:19 GMT" time="245.862" errors="0">
  <testcase name="userLogin" time="43.330" classname="testCase.orderMultipleItemsWithRegUser"/>
  <testcase name="searchProduct" time="80.020" classname="testCase.orderMultipleItemsWithRegUser"/>
  <testcase name="checkOut" time="122.512" classname="testCase.orderMultipleItemsWithRegUser"/>
</testsuite> <!-- testCase.orderMultipleItemsWithRegUser -->
